<?xml version="1.0" encoding="UTF-8"?>
<!-- Generated by org.testng.reporters.JUnitXMLReporter -->
<testsuite hostname="LAPTOP-0DB1N2QD" ignored="0" name="TestOnFireFox" tests="3" failures="0" timestamp="17 Apr 2018 20:02:34 GMT" time="125.482" errors="0">
  <testcase name="doLogin" time="24.297" classname="com.betterU.script.DoLogin"/>
  <testcase name="testVerifyLoginPage" time="0.019" classname="com.betterU.script.VerifyLoginPage"/>
  <testcase name="doLogout" time="24.853" classname="com.betterU.script.DoLogout"/>
</testsuite> <!-- TestOnFireFox -->
