<?xml version="1.0" encoding="UTF-8"?>
<!-- Generated by org.testng.reporters.JUnitXMLReporter -->
<testsuite hostname="LAPTOP-0DB1N2QD" ignored="0" name="TestOnChrome" tests="3" failures="0" timestamp="17 Apr 2018 20:00:29 GMT" time="91.179" errors="0">
  <testcase name="doLogin" time="24.867" classname="com.betterU.script.DoLogin"/>
  <testcase name="testVerifyLoginPage" time="0.025" classname="com.betterU.script.VerifyLoginPage"/>
  <testcase name="doLogout" time="27.245" classname="com.betterU.script.DoLogout"/>
</testsuite> <!-- TestOnChrome -->
