<?xml version="1.0" encoding="UTF-8"?>
<testng-results skipped="0" failed="1" ignored="0" total="2" passed="1">
  <reporter-output>
    <line>
      <![CDATA[Title is not matchingOnline Eduation, Job Opportunities, Corporate Training | BetterU]]>
    </line>
  </reporter-output>
  <suite name="Suite" duration-ms="88285" started-at="2018-04-04T20:35:22Z" finished-at="2018-04-04T20:36:50Z">
    <groups>
    </groups>
    <test name="Test" duration-ms="88285" started-at="2018-04-04T20:35:22Z" finished-at="2018-04-04T20:36:50Z">
      <class name="com.betterU.script.DoLogin">
        <test-method status="PASS" signature="preCondition()[pri:0, instance:com.betterU.script.DoLogin@724af044]" name="preCondition" is-config="true" duration-ms="21002" started-at="2018-04-04T20:35:22Z" finished-at="2018-04-04T20:35:43Z">
          <reporter-output>
          </reporter-output>
        </test-method> <!-- preCondition -->
        <test-method status="PASS" signature="preCondition1()[pri:0, instance:com.betterU.script.DoLogin@724af044]" name="preCondition1" is-config="true" duration-ms="17662" started-at="2018-04-04T20:35:43Z" finished-at="2018-04-04T20:36:00Z">
          <reporter-output>
          </reporter-output>
        </test-method> <!-- preCondition1 -->
        <test-method status="PASS" signature="doLogin()[pri:0, instance:com.betterU.script.DoLogin@724af044]" name="doLogin" duration-ms="3071" started-at="2018-04-04T20:36:00Z" finished-at="2018-04-04T20:36:03Z">
          <reporter-output>
          </reporter-output>
        </test-method> <!-- doLogin -->
        <test-method status="PASS" signature="postCondition()[pri:0, instance:com.betterU.script.DoLogin@724af044]" name="postCondition" is-config="true" duration-ms="1996" started-at="2018-04-04T20:36:03Z" finished-at="2018-04-04T20:36:05Z">
          <reporter-output>
          </reporter-output>
        </test-method> <!-- postCondition -->
      </class> <!-- com.betterU.script.DoLogin -->
      <class name="com.betterU.script.VerifyLoginPage">
        <test-method status="PASS" signature="preCondition()[pri:0, instance:com.betterU.script.VerifyLoginPage@4678c730]" name="preCondition" is-config="true" duration-ms="15567" started-at="2018-04-04T20:36:05Z" finished-at="2018-04-04T20:36:21Z">
          <reporter-output>
          </reporter-output>
        </test-method> <!-- preCondition -->
        <test-method status="PASS" signature="preCondition1()[pri:0, instance:com.betterU.script.VerifyLoginPage@4678c730]" name="preCondition1" is-config="true" duration-ms="16062" started-at="2018-04-04T20:36:21Z" finished-at="2018-04-04T20:36:37Z">
          <reporter-output>
          </reporter-output>
        </test-method> <!-- preCondition1 -->
        <test-method status="FAIL" signature="testVerifyLoginPage()[pri:0, instance:com.betterU.script.VerifyLoginPage@4678c730]" name="testVerifyLoginPage" duration-ms="11170" started-at="2018-04-04T20:36:37Z" finished-at="2018-04-04T20:36:48Z">
          <exception class="java.lang.AssertionError">
            <message>
              <![CDATA[null]]>
            </message>
            <full-stacktrace>
              <![CDATA[java.lang.AssertionError: null
at org.testng.Assert.fail(Assert.java:96)
at org.testng.Assert.fail(Assert.java:103)
at com.betterU.pages.BasePage.verifyTitle(BasePage.java:30)
at com.betterU.script.VerifyLoginPage.testVerifyLoginPage(VerifyLoginPage.java:13)
at sun.reflect.NativeMethodAccessorImpl.invoke0(Native Method)
at sun.reflect.NativeMethodAccessorImpl.invoke(NativeMethodAccessorImpl.java:62)
at sun.reflect.DelegatingMethodAccessorImpl.invoke(DelegatingMethodAccessorImpl.java:43)
at java.lang.reflect.Method.invoke(Method.java:498)
at org.testng.internal.MethodInvocationHelper.invokeMethod(MethodInvocationHelper.java:124)
at org.testng.internal.Invoker.invokeMethod(Invoker.java:580)
at org.testng.internal.Invoker.invokeTestMethod(Invoker.java:716)
at org.testng.internal.Invoker.invokeTestMethods(Invoker.java:988)
at org.testng.internal.TestMethodWorker.invokeTestMethods(TestMethodWorker.java:125)
at org.testng.internal.TestMethodWorker.run(TestMethodWorker.java:109)
at org.testng.TestRunner.privateRun(TestRunner.java:648)
at org.testng.TestRunner.run(TestRunner.java:505)
at org.testng.SuiteRunner.runTest(SuiteRunner.java:455)
at org.testng.SuiteRunner.runSequentially(SuiteRunner.java:450)
at org.testng.SuiteRunner.privateRun(SuiteRunner.java:415)
at org.testng.SuiteRunner.run(SuiteRunner.java:364)
at org.testng.SuiteRunnerWorker.runSuite(SuiteRunnerWorker.java:52)
at org.testng.SuiteRunnerWorker.run(SuiteRunnerWorker.java:84)
at org.testng.TestNG.runSuitesSequentially(TestNG.java:1208)
at org.testng.TestNG.runSuitesLocally(TestNG.java:1137)
at org.testng.TestNG.runSuites(TestNG.java:1049)
at org.testng.TestNG.run(TestNG.java:1017)
at org.testng.TestNG.privateMain(TestNG.java:1354)
at org.testng.TestNG.main(TestNG.java:1323)
]]>
            </full-stacktrace>
          </exception> <!-- java.lang.AssertionError -->
          <reporter-output>
            <line>
              <![CDATA[Title is not matchingOnline Eduation, Job Opportunities, Corporate Training | BetterU]]>
            </line>
          </reporter-output>
        </test-method> <!-- testVerifyLoginPage -->
        <test-method status="PASS" signature="postCondition()[pri:0, instance:com.betterU.script.VerifyLoginPage@4678c730]" name="postCondition" is-config="true" duration-ms="1737" started-at="2018-04-04T20:36:48Z" finished-at="2018-04-04T20:36:50Z">
          <reporter-output>
          </reporter-output>
        </test-method> <!-- postCondition -->
      </class> <!-- com.betterU.script.VerifyLoginPage -->
    </test> <!-- Test -->
  </suite> <!-- Suite -->
</testng-results>
